<?xml version="1.0" encoding="UTF-8"?>
<testsuite name="com.example.project.TipCalculatorTest" tests="3" skipped="0" failures="0" errors="0" timestamp="2024-09-19T16:08:54" hostname="codespaces-a65fe2" time="0.058">
  <properties/>
  <testcase name="testCalculateTip2()" classname="com.example.project.TipCalculatorTest" time="0.051"/>
  <testcase name="testCalculateTip3()" classname="com.example.project.TipCalculatorTest" time="0.001"/>
  <testcase name="testCalculateTip()" classname="com.example.project.TipCalculatorTest" time="0.002"/>
  <system-out><![CDATA[]]></system-out>
  <system-err><![CDATA[]]></system-err>
</testsuite>
